
                            Design Compiler (R) NXT 

               Version T-2022.03-SP4 for linux64 - Aug 24, 2022 

                    Copyright (c) 1988 - 2022 Synopsys, Inc.
   This software and the associated documentation are proprietary to Synopsys,
 Inc. This software may only be used in accordance with the terms and conditions
 of a written license agreement with Synopsys, Inc. All other use, reproduction,
   or distribution of this software is strictly prohibited.  Licensed Products
     communicate with Synopsys servers for the purpose of providing software
    updates, detecting software piracy and verifying that customers are using
    Licensed Products in conformity with the applicable License Key for such
  Licensed Products. Synopsys will use information gathered in connection with
    this process to deliver software updates and pursue software pirates and
                                   infringers.

 Inclusivity & Diversity - Visit SolvNetPlus to read the "Synopsys Statement on
            Inclusivity and Diversity" (Refer to article 000036315 at
                        https://solvnetplus.synopsys.com)
Initializing...
Initializing gui preferences from file  /home1/BPD20/jaYaramKrishNa/.synopsys_dc_gui/preferences.tcl
Warning: Cannot use command line editor for terminal type 'xterm-256color'.  (UI-74)
dcnxt_shell> Loading db file '/home/cad/eda/SYNOPSYS/Design_Compiler_2022.03/syn/T-2022.03-SP4/libraries/syn/gtech.db'
Loading db file '/home/cad/eda/SYNOPSYS/Design_Compiler_2022.03/syn/T-2022.03-SP4/libraries/syn/standard.sldb'
  Loading link library 'gtech'
Reading ddc file '/home1/BPD20/jaYaramKrishNa/VLSI_PD/Internship2/Synthesis/fpu/outputs/fpu.mapped.ddc'.
Information: Checking out the license 'DesignWare'. (SEC-104)
Error: Can't find the specified library 'saed14rvt_ss0p72v125c.db:saed14rvt_ss0p72v125c' in memory. (UID-131)
Error: Can't find the specified library 'saed14rvt_ss0p6v125c.db:saed14rvt_ss0p6v125c' in memory. (UID-131)
Error: Can't find the specified library 'saed14rvt_ss0p6v125c.db:saed14rvt_ss0p6v125c' in memory. (UID-131)
Error: Can't find the specified library 'saed14rvt_ss0p6v125c.db:saed14rvt_ss0p6v125c' in memory. (UID-131)
Loaded 275 designs.
Loading db file '/home1/14_nmts/14_nmts/stdcell_rvt/db_ccs/saed14rvt_ss0p72v125c.db'
Information: Using CCS timing libraries. (TIM-024)
Loading db file '/home1/14_nmts/14_nmts/stdcell_rvt/db_ccs/saed14rvt_dlvl_ss0p72v125c_i0p6v.db'
Loading db file '/home1/14_nmts/14_nmts/stdcell_rvt/db_ccs/saed14rvt_ulvl_ss0p72v125c_i0p6v.db'
Loading db file '/home1/14_nmts/14_nmts/stdcell_lvt/db_ccs/saed14lvt_ss0p72v125c.db'
Loading db file '/home1/14_nmts/14_nmts/stdcell_rvt/db_ccs/saed14rvt_ss0p6v125c.db'
