 
****************************************
Report : timing
        -path full
        -delay max
        -group reg2out
        -max_paths 1
Design : fpu
Version: T-2022.03-SP4
Date   : Sat Dec 21 16:55:01 2024
****************************************
Wire Load Model Mode: top

  Startpoint: cluster_header/I0/dbginit_repeater/syncff/i0/u_FD
              (rising edge-triggered flip-flop clocked by MAIN)
  Endpoint: so (output port clocked by MAIN)
  Path Group: reg2out
  Path Type: max

  Des/Clust/Port     Wire Load Model       Library
  ------------------------------------------------
  fpu                35000                 saed14rvt_ss0p72v125c

  Point                                                   Incr       Path      Voltage
  ------------------------------------------------------------------------------------
  clock MAIN (rise edge)                                  0.00       0.00      
  clock network delay (ideal)                             0.00       0.00      
  cluster_header/I0/dbginit_repeater/syncff/i0/u_FD/CK (SAEDRVT14_FSDPQ_V2LP_1)
                                                          0.00       0.00 r    0.60
  cluster_header/I0/dbginit_repeater/syncff/i0/u_FD/Q (SAEDRVT14_FSDPQ_V2LP_1)
                                                          0.03       0.03 r    0.60
  cluster_header/I0/dbginit_repeater/syncff/i0/U2/X (SAEDRVT14_INV_0P5)
                                                          0.01       0.04 f    0.60
  cluster_header/I0/dbginit_repeater/syncff/i0/U3/X (SAEDRVT14_ND2_CDC_1)
                                                          0.01       0.06 r    0.60
  cluster_header/I0/dbginit_repeater/syncff/i0/so (zsoffasr_prim_0)
                                                          0.00       0.06 r    
  cluster_header/I0/dbginit_repeater/syncff/so (bw_u1_soffasr_2x_0)
                                                          0.00       0.06 r    
  cluster_header/I0/dbginit_repeater/so (synchronizer_asr_0)
                                                          0.00       0.06 r    
  cluster_header/I0/so (cluster_header)                   0.00       0.06 r    
  cluster_header/so (bw_clk_cl_fpu_cmp)                   0.00       0.06 r    
  fpu_rptr_groups/scan_manual_6 (fpu_rptr_groups)         0.00       0.06 r    
  fpu_rptr_groups/i_so_cluster_header_buf1/in[3] (fpu_bufrpt_grp4_1)
                                                          0.00       0.06 r    
  fpu_rptr_groups/i_so_cluster_header_buf1/out[3] (fpu_bufrpt_grp4_1)
                                                          0.00       0.06 r    
  fpu_rptr_groups/scan_manual_6_buf1 (fpu_rptr_groups)
                                                          0.00       0.06 r    
  test_stub/long_chain_so_0 (test_stub_scan)              0.00       0.06 r    
  test_stub/U6/X (SAEDRVT14_OA21_1)                       0.02       0.08 r    0.60
  test_stub/so_0 (test_stub_scan)                         0.00       0.08 r    
  fpu_rptr_groups/so_unbuf (fpu_rptr_groups)              0.00       0.08 r    
  fpu_rptr_groups/i_se_buf1/in[1] (fpu_bufrpt_grp4_7)     0.00       0.08 r    
  fpu_rptr_groups/i_se_buf1/out[1] (fpu_bufrpt_grp4_7)
                                                          0.00       0.08 r    
  fpu_rptr_groups/i_fp_cpx_buf1_9/in[9] (fpu_rptr_fp_cpx_grp16_0)
                                                          0.00       0.08 r    
  fpu_rptr_groups/i_fp_cpx_buf1_9/out[9] (fpu_rptr_fp_cpx_grp16_0)
                                                          0.00       0.08 r    
  fpu_rptr_groups/so (fpu_rptr_groups)                    0.00       0.08 r    
  so (out)                                                0.00       0.08 r    
  data arrival time                                                  0.08      

  clock MAIN (rise edge)                                  1.67       1.67      
  clock network delay (ideal)                             0.00       1.67      
  output external delay                                  -0.75       0.92      
  data required time                                                 0.92      
  ------------------------------------------------------------------------------------
  data required time                                                 0.92      
  data arrival time                                                 -0.08      
  ------------------------------------------------------------------------------------
  slack (MET)                                                        0.84      


1
