Information: Updating design information... (UID-85)
 
****************************************
Report : timing
        -path full
        -delay max
        -group reg2reg
        -max_paths 1
Design : fpu
Version: T-2022.03-SP4
Date   : Sat Dec 21 16:55:01 2024
****************************************
Wire Load Model Mode: top

  Startpoint: fpu_mul/i_m4stg_frac/a2sum_dff/q_reg_0_
              (rising edge-triggered flip-flop clocked by MAIN)
  Endpoint: fpu_mul/i_m4stg_frac/out_dff/q_reg_73_
            (rising edge-triggered flip-flop clocked by MAIN)
  Path Group: reg2reg
  Path Type: max

  Des/Clust/Port     Wire Load Model       Library
  ------------------------------------------------
  fpu                35000                 saed14rvt_ss0p72v125c

  Point                                                   Incr       Path      Voltage
  ------------------------------------------------------------------------------------
  clock MAIN (rise edge)                                  0.00       0.00      
  clock network delay (ideal)                             0.00       0.00      
  fpu_mul/i_m4stg_frac/a2sum_dff/q_reg_0_/CK (SAEDLVT14_FSDPQ_V2_1)
                                                          0.00       0.00 r    0.72
  fpu_mul/i_m4stg_frac/a2sum_dff/q_reg_0_/Q (SAEDLVT14_FSDPQ_V2_1)
                                                          0.01       0.01 r    0.72
  fpu_mul/i_m4stg_frac/a2sum_dff/q[0] (dff_s_SIZE98)      0.00       0.01 r    
  fpu_mul/i_m4stg_frac/add_x_1/A[0] (mul64_DW01_add_J5_0)
                                                          0.00       0.01 r    
  fpu_mul/i_m4stg_frac/add_x_1/U50/X (SAEDRVT14_AN2_MM_1)
                                                          0.02       0.04 r    0.72
  fpu_mul/i_m4stg_frac/add_x_1/U88/X (SAEDRVT14_AN2B_MM_1)
                                                          0.02       0.06 r    0.72
  fpu_mul/i_m4stg_frac/add_x_1/U69/X (SAEDRVT14_AN2_MM_0P5)
                                                          0.02       0.07 r    0.72
  fpu_mul/i_m4stg_frac/add_x_1/U66/X (SAEDRVT14_AO22_0P5)
                                                          0.02       0.10 r    0.72
  fpu_mul/i_m4stg_frac/add_x_1/U65/X (SAEDRVT14_OA22_U_0P5)
                                                          0.02       0.12 r    0.72
  fpu_mul/i_m4stg_frac/add_x_1/U62/X (SAEDRVT14_ND2B_U_0P5)
                                                          0.02       0.14 f    0.72
  fpu_mul/i_m4stg_frac/add_x_1/U186/X (SAEDRVT14_ND2_CDC_1)
                                                          0.01       0.15 r    0.72
  fpu_mul/i_m4stg_frac/add_x_1/U90/X (SAEDRVT14_OA21_1)
                                                          0.02       0.17 r    0.72
  fpu_mul/i_m4stg_frac/add_x_1/U174/X (SAEDRVT14_ND2_CDC_1)
                                                          0.02       0.19 f    0.72
  fpu_mul/i_m4stg_frac/add_x_1/U46/X (SAEDLVT14_ND2_CDC_0P5)
                                                          0.01       0.20 r    0.72
  fpu_mul/i_m4stg_frac/add_x_1/U45/X (SAEDRVT14_ND2B_U_0P5)
                                                          0.01       0.22 f    0.72
  fpu_mul/i_m4stg_frac/add_x_1/U191/X (SAEDLVT14_ND2_CDC_0P5)
                                                          0.02       0.23 r    0.72
  fpu_mul/i_m4stg_frac/add_x_1/U77/X (SAEDLVT14_ND2B_U_0P5)
                                                          0.01       0.25 f    0.72
  fpu_mul/i_m4stg_frac/add_x_1/U38/X (SAEDLVT14_ND2_CDC_0P5)
                                                          0.01       0.26 r    0.72
  fpu_mul/i_m4stg_frac/add_x_1/U192/X (SAEDLVT14_OAI21_0P5)
                                                          0.01       0.27 f    0.72
  fpu_mul/i_m4stg_frac/add_x_1/U193/X (SAEDLVT14_ND2_CDC_0P5)
                                                          0.01       0.29 r    0.72
  fpu_mul/i_m4stg_frac/add_x_1/U60/X (SAEDLVT14_AO22_0P5)
                                                          0.02       0.31 r    0.72
  fpu_mul/i_m4stg_frac/add_x_1/U59/X (SAEDRVT14_OAI21_0P5)
                                                          0.02       0.32 f    0.72
  fpu_mul/i_m4stg_frac/add_x_1/U58/X (SAEDRVT14_ND2_CDC_1)
                                                          0.01       0.34 r    0.72
  fpu_mul/i_m4stg_frac/add_x_1/U56/X (SAEDLVT14_AO2BB2_0P5)
                                                          0.03       0.36 r    0.72
  fpu_mul/i_m4stg_frac/add_x_1/U195/X (SAEDRVT14_ND2_CDC_1)
                                                          0.02       0.38 f    0.72
  fpu_mul/i_m4stg_frac/add_x_1/U196/X (SAEDRVT14_ND2_CDC_1)
                                                          0.01       0.39 r    0.72
  fpu_mul/i_m4stg_frac/add_x_1/U183/X (SAEDLVT14_AO22_0P5)
                                                          0.02       0.41 r    0.72
  fpu_mul/i_m4stg_frac/add_x_1/U197/X (SAEDRVT14_OAI21_0P5)
                                                          0.02       0.43 f    0.72
  fpu_mul/i_m4stg_frac/add_x_1/U42/X (SAEDLVT14_ND2_CDC_0P5)
                                                          0.01       0.44 r    0.72
  fpu_mul/i_m4stg_frac/add_x_1/U81/X (SAEDRVT14_OA21B_1)
                                                          0.02       0.47 r    0.72
  fpu_mul/i_m4stg_frac/add_x_1/U85/X (SAEDRVT14_ND2_CDC_1)
                                                          0.02       0.48 f    0.72
  fpu_mul/i_m4stg_frac/add_x_1/U84/X (SAEDRVT14_ND2_CDC_1)
                                                          0.01       0.50 r    0.72
  fpu_mul/i_m4stg_frac/add_x_1/U199/X (SAEDRVT14_OAI21_0P5)
                                                          0.02       0.51 f    0.72
  fpu_mul/i_m4stg_frac/add_x_1/U200/X (SAEDRVT14_ND2_CDC_1)
                                                          0.01       0.53 r    0.72
  fpu_mul/i_m4stg_frac/add_x_1/U201/X (SAEDRVT14_OAI21_0P5)
                                                          0.02       0.54 f    0.72
  fpu_mul/i_m4stg_frac/add_x_1/U125/X (SAEDRVT14_INV_S_0P5)
                                                          0.01       0.55 r    0.72
  fpu_mul/i_m4stg_frac/add_x_1/U122/X (SAEDRVT14_OA21_1)
                                                          0.02       0.58 r    0.72
  fpu_mul/i_m4stg_frac/add_x_1/U54/X (SAEDRVT14_AO21B_0P5)
                                                          0.01       0.59 f    0.72
  fpu_mul/i_m4stg_frac/add_x_1/U53/X (SAEDRVT14_ND2_CDC_1)
                                                          0.01       0.60 r    0.72
  fpu_mul/i_m4stg_frac/add_x_1/U52/X (SAEDLVT14_AN3_0P5)
                                                          0.02       0.62 r    0.72
  fpu_mul/i_m4stg_frac/add_x_1/U51/CO (SAEDLVT14_ADDF_V2_0P5)
                                                          0.04       0.66 r    0.72
  fpu_mul/i_m4stg_frac/add_x_1/SUM[32] (mul64_DW01_add_J5_0)
                                                          0.00       0.66 r    
  fpu_mul/i_m4stg_frac/DP_OP_14J5_122_7514/I3 (mul64_DP_OP_14J5_122_7514_J5_0)
                                                          0.00       0.66 r    
  fpu_mul/i_m4stg_frac/DP_OP_14J5_122_7514/U159/X (SAEDRVT14_ND2B_U_0P5)
                                                          0.02       0.67 f    0.72
  fpu_mul/i_m4stg_frac/DP_OP_14J5_122_7514/U108/X (SAEDRVT14_AOI31_0P75)
                                                          0.03       0.71 r    0.72
  fpu_mul/i_m4stg_frac/DP_OP_14J5_122_7514/U107/X (SAEDRVT14_ND2_CDC_1)
                                                          0.02       0.72 f    0.72
  fpu_mul/i_m4stg_frac/DP_OP_14J5_122_7514/U72/X (SAEDRVT14_ND2_CDC_1)
                                                          0.01       0.74 r    0.72
  fpu_mul/i_m4stg_frac/DP_OP_14J5_122_7514/U267/X (SAEDLVT14_OAI21_0P5)
                                                          0.01       0.75 f    0.72
  fpu_mul/i_m4stg_frac/DP_OP_14J5_122_7514/U105/X (SAEDRVT14_ND2_CDC_1)
                                                          0.01       0.76 r    0.72
  fpu_mul/i_m4stg_frac/DP_OP_14J5_122_7514/U104/CO (SAEDLVT14_ADDF_V2_0P5)
                                                          0.03       0.80 r    0.72
  fpu_mul/i_m4stg_frac/DP_OP_14J5_122_7514/U268/X (SAEDLVT14_ND2B_U_0P5)
                                                          0.01       0.81 f    0.72
  fpu_mul/i_m4stg_frac/DP_OP_14J5_122_7514/U124/X (SAEDLVT14_AOI31_0P75)
                                                          0.03       0.84 r    0.72
  fpu_mul/i_m4stg_frac/DP_OP_14J5_122_7514/U238/X (SAEDRVT14_OA211_1)
                                                          0.04       0.88 r    0.72
  fpu_mul/i_m4stg_frac/DP_OP_14J5_122_7514/U101/X (SAEDRVT14_OAI21_0P5)
                                                          0.02       0.89 f    0.72
  fpu_mul/i_m4stg_frac/DP_OP_14J5_122_7514/U100/X (SAEDLVT14_ND2_CDC_0P5)
                                                          0.01       0.91 r    0.72
  fpu_mul/i_m4stg_frac/DP_OP_14J5_122_7514/U269/X (SAEDLVT14_OAI21_0P5)
                                                          0.02       0.92 f    0.72
  fpu_mul/i_m4stg_frac/DP_OP_14J5_122_7514/U132/X (SAEDLVT14_OA21B_1)
                                                          0.02       0.95 f    0.72
  fpu_mul/i_m4stg_frac/DP_OP_14J5_122_7514/U97/X (SAEDLVT14_ND2_MM_0P5)
                                                          0.02       0.96 r    0.72
  fpu_mul/i_m4stg_frac/DP_OP_14J5_122_7514/U96/X (SAEDRVT14_OAI21_0P5)
                                                          0.02       0.98 f    0.72
  fpu_mul/i_m4stg_frac/DP_OP_14J5_122_7514/U128/X (SAEDLVT14_AOI31_0P75)
                                                          0.03       1.01 r    0.72
  fpu_mul/i_m4stg_frac/DP_OP_14J5_122_7514/U203/X (SAEDRVT14_AO21_U_0P5)
                                                          0.02       1.03 r    0.72
  fpu_mul/i_m4stg_frac/DP_OP_14J5_122_7514/U260/X (SAEDLVT14_ND2B_U_0P5)
                                                          0.01       1.05 f    0.72
  fpu_mul/i_m4stg_frac/DP_OP_14J5_122_7514/U70/X (SAEDLVT14_ND2_MM_0P5)
                                                          0.02       1.06 r    0.72
  fpu_mul/i_m4stg_frac/DP_OP_14J5_122_7514/U256/X (SAEDLVT14_OA21_MM_1)
                                                          0.02       1.08 r    0.72
  fpu_mul/i_m4stg_frac/DP_OP_14J5_122_7514/U255/X (SAEDRVT14_OAI21_0P5)
                                                          0.02       1.10 f    0.72
  fpu_mul/i_m4stg_frac/DP_OP_14J5_122_7514/U129/X (SAEDLVT14_ND2_ECO_1)
                                                          0.02       1.12 r    0.72
  fpu_mul/i_m4stg_frac/DP_OP_14J5_122_7514/U272/X (SAEDLVT14_OAI21_0P5)
                                                          0.02       1.13 f    0.72
  fpu_mul/i_m4stg_frac/DP_OP_14J5_122_7514/U89/X (SAEDLVT14_AOI31_0P5)
                                                          0.03       1.16 r    0.72
  fpu_mul/i_m4stg_frac/DP_OP_14J5_122_7514/U87/X (SAEDRVT14_OAI21_0P5)
                                                          0.02       1.18 f    0.72
  fpu_mul/i_m4stg_frac/DP_OP_14J5_122_7514/U123/X (SAEDLVT14_ND2_CDC_0P5)
                                                          0.01       1.19 r    0.72
  fpu_mul/i_m4stg_frac/DP_OP_14J5_122_7514/U86/X (SAEDRVT14_OAI21_0P5)
                                                          0.02       1.21 f    0.72
  fpu_mul/i_m4stg_frac/DP_OP_14J5_122_7514/U274/X (SAEDLVT14_ND2_CDC_0P5)
                                                          0.01       1.22 r    0.72
  fpu_mul/i_m4stg_frac/DP_OP_14J5_122_7514/U127/X (SAEDLVT14_AO2BB2_V1_0P5)
                                                          0.03       1.24 r    0.72
  fpu_mul/i_m4stg_frac/DP_OP_14J5_122_7514/U85/X (SAEDRVT14_OAI21_0P5)
                                                          0.02       1.26 f    0.72
  fpu_mul/i_m4stg_frac/DP_OP_14J5_122_7514/U126/X (SAEDLVT14_ND2_CDC_0P5)
                                                          0.01       1.27 r    0.72
  fpu_mul/i_m4stg_frac/DP_OP_14J5_122_7514/U144/X (SAEDRVT14_ND2_CDC_1)
                                                          0.02       1.29 f    0.72
  fpu_mul/i_m4stg_frac/DP_OP_14J5_122_7514/U94/X (SAEDRVT14_OA21_MM_1)
                                                          0.02       1.31 f    0.72
  fpu_mul/i_m4stg_frac/DP_OP_14J5_122_7514/U141/X (SAEDLVT14_ND2_CDC_0P5)
                                                          0.01       1.33 r    0.72
  fpu_mul/i_m4stg_frac/DP_OP_14J5_122_7514/U140/X (SAEDRVT14_OAI21_0P5)
                                                          0.02       1.34 f    0.72
  fpu_mul/i_m4stg_frac/DP_OP_14J5_122_7514/U275/X (SAEDRVT14_ND2_CDC_1)
                                                          0.01       1.35 r    0.72
  fpu_mul/i_m4stg_frac/DP_OP_14J5_122_7514/U277/X (SAEDRVT14_OAI21_0P5)
                                                          0.02       1.37 f    0.72
  fpu_mul/i_m4stg_frac/DP_OP_14J5_122_7514/U278/X (SAEDRVT14_ND2_CDC_1)
                                                          0.01       1.38 r    0.72
  fpu_mul/i_m4stg_frac/DP_OP_14J5_122_7514/U279/X (SAEDRVT14_OAI21_0P5)
                                                          0.02       1.40 f    0.72
  fpu_mul/i_m4stg_frac/DP_OP_14J5_122_7514/U147/X (SAEDRVT14_AOI31_0P5)
                                                          0.03       1.44 r    0.72
  fpu_mul/i_m4stg_frac/DP_OP_14J5_122_7514/U146/X (SAEDRVT14_ND2_CDC_1)
                                                          0.02       1.45 f    0.72
  fpu_mul/i_m4stg_frac/DP_OP_14J5_122_7514/U133/X (SAEDRVT14_ND2_CDC_1)
                                                          0.01       1.47 r    0.72
  fpu_mul/i_m4stg_frac/DP_OP_14J5_122_7514/U281/X (SAEDRVT14_OAI21_0P5)
                                                          0.02       1.49 f    0.72
  fpu_mul/i_m4stg_frac/DP_OP_14J5_122_7514/U81/X (SAEDLVT14_ND2_CDC_0P5)
                                                          0.01       1.50 r    0.72
  fpu_mul/i_m4stg_frac/DP_OP_14J5_122_7514/U79/X (SAEDLVT14_OAI21_0P5)
                                                          0.01       1.51 f    0.72
  fpu_mul/i_m4stg_frac/DP_OP_14J5_122_7514/U282/X (SAEDLVT14_ND2_CDC_0P5)
                                                          0.01       1.53 r    0.72
  fpu_mul/i_m4stg_frac/DP_OP_14J5_122_7514/U283/X (SAEDRVT14_ND2B_U_0P5)
                                                          0.01       1.54 f    0.72
  fpu_mul/i_m4stg_frac/DP_OP_14J5_122_7514/U78/X (SAEDLVT14_ND2_CDC_0P5)
                                                          0.02       1.56 r    0.72
  fpu_mul/i_m4stg_frac/DP_OP_14J5_122_7514/U145/X (SAEDRVT14_ND2_CDC_1)
                                                          0.02       1.58 f    0.72
  fpu_mul/i_m4stg_frac/DP_OP_14J5_122_7514/U131/X (SAEDLVT14_OA21_1)
                                                          0.02       1.60 f    0.72
  fpu_mul/i_m4stg_frac/DP_OP_14J5_122_7514/U222/X (SAEDRVT14_ND2_CDC_1)
                                                          0.01       1.61 r    0.72
  fpu_mul/i_m4stg_frac/DP_OP_14J5_122_7514/U221/X (SAEDRVT14_EN2_1)
                                                          0.02       1.63 r    0.72
  fpu_mul/i_m4stg_frac/DP_OP_14J5_122_7514/O1[41] (mul64_DP_OP_14J5_122_7514_J5_0)
                                                          0.00       1.63 r    
  fpu_mul/i_m4stg_frac/out_dff/din[73] (dff_s_SIZE104)
                                                          0.00       1.63 r    
  fpu_mul/i_m4stg_frac/out_dff/U4/X (SAEDRVT14_AN2_MM_0P5)
                                                          0.01       1.64 r    0.72
  fpu_mul/i_m4stg_frac/out_dff/q_reg_73_/D (SAEDLVT14_FSDPQ_V2LP_1)
                                                          0.00       1.64 r    0.72
  data arrival time                                                  1.64      

  clock MAIN (rise edge)                                  1.67       1.67      
  clock network delay (ideal)                             0.00       1.67      
  fpu_mul/i_m4stg_frac/out_dff/q_reg_73_/CK (SAEDLVT14_FSDPQ_V2LP_1)
                                                          0.00       1.67 r    
  library setup time                                     -0.02       1.64      
  data required time                                                 1.64      
  ------------------------------------------------------------------------------------
  data required time                                                 1.64      
  data arrival time                                                 -1.64      
  ------------------------------------------------------------------------------------
  slack (MET)                                                        0.00      


1
